*** Using Compiler 'V5.06 update 7 (build 960)', folder: 'D:\software\keil\ARM\ARMCC\Bin'
Rebuild target 'Dajiang3508'
assembling startup_stm32f427xx.s...
compiling stm32f4xx_hal_flash_ex.c...
compiling stm32f4xx_hal_flash.c...
compiling stm32f4xx_hal_dma_ex.c...
compiling gpio.c...
compiling stm32f4xx_hal_msp.c...
compiling stm32f4xx_hal_gpio.c...
compiling stm32f4xx_hal_pwr_ex.c...
compiling stm32f4xx_it.c...
compiling can.c...
compiling main.c...
../Core/Src/main.c(312): warning:  #177-D: variable "ptr_heard01"  was declared but never referenced
  	CAN_RxHeaderTypeDef*ptr_heard01=&heard01;
../Core/Src/main.c(326): warning:  #177-D: variable "ptr_heard01"  was declared but never referenced
  	CAN_RxHeaderTypeDef*ptr_heard01=&heard01;
../Core/Src/main.c: 2 warnings, 0 errors
compiling stm32f4xx_hal_rcc_ex.c...
compiling stm32f4xx_hal_can.c...
compiling stm32f4xx_hal_rcc.c...
compiling stm32f4xx_hal_dma.c...
compiling stm32f4xx_hal_cortex.c...
compiling stm32f4xx_hal_pwr.c...
compiling system_stm32f4xx.c...
compiling stm32f4xx_hal_tim.c...
compiling stm32f4xx_hal_exti.c...
compiling stm32f4xx_hal.c...
compiling stm32f4xx_hal_flash_ramfunc.c...
compiling stm32f4xx_hal_tim_ex.c...
linking...
Program Size: Code=5904 RO-data=476 RW-data=24 ZI-data=1784  
FromELF: creating hex file...
"Dajiang3508\Dajiang3508.axf" - 0 Error(s), 2 Warning(s).
Build Time Elapsed:  00:00:55
